# JRE version: Java(TM) SE Runtime Environment (8.0_171-b11) (build 1.8.0_171-b11)
# Java VM: Java HotSpot(TM) 64-Bit Server VM (25.171-b11 mixed mode bsd-amd64 compressed oops)
Heap:
 PSYoungGen      total 136704K, used 47860K [0x000000076ab00000, 0x0000000776580000, 0x00000007c0000000)
  eden space 131072K, 32% used [0x000000076ab00000,0x000000076d4508d8,0x0000000772b00000)
  from space 5632K, 98% used [0x0000000776000000,0x000000077656c8e8,0x0000000776580000)
  to   space 10752K, 0% used [0x0000000775080000,0x0000000775080000,0x0000000775b00000)
 ParOldGen       total 113152K, used 9105K [0x00000006c0000000, 0x00000006c6e80000, 0x000000076ab00000)
  object space 113152K, 8% used [0x00000006c0000000,0x00000006c08e4558,0x00000006c6e80000)
 Metaspace       used 22224K, capacity 22790K, committed 24192K, reserved 1071104K
  class space    used 2660K, capacity 2825K, committed 3456K, reserved 1048576K
GC Heap History (10 events):
Event: 1.430 GC heap before
{Heap before GC invocations=1 (full 0):
 PSYoungGen      total 76288K, used 65536K [0x000000076ab00000, 0x0000000770000000, 0x00000007c0000000)
  eden space 65536K, 100% used [0x000000076ab00000,0x000000076eb00000,0x000000076eb00000)
  from space 10752K, 0% used [0x000000076f580000,0x000000076f580000,0x0000000770000000)
  to   space 10752K, 0% used [0x000000076eb00000,0x000000076eb00000,0x000000076f580000)
 ParOldGen       total 175104K, used 0K [0x00000006c0000000, 0x00000006cab00000, 0x000000076ab00000)
  object space 175104K, 0% used [0x00000006c0000000,0x00000006c0000000,0x00000006cab00000)
 Metaspace       used 12853K, capacity 12974K, committed 13184K, reserved 1060864K
  class space    used 1557K, capacity 1591K, committed 1664K, reserved 1048576K
Event: 1.447 GC heap after
Heap after GC invocations=1 (full 0):
 PSYoungGen      total 76288K, used 6730K [0x000000076ab00000, 0x0000000774000000, 0x00000007c0000000)
  eden space 65536K, 0% used [0x000000076ab00000,0x000000076ab00000,0x000000076eb00000)
  from space 10752K, 62% used [0x000000076eb00000,0x000000076f1928a0,0x000000076f580000)
  to   space 10752K, 0% used [0x0000000773580000,0x0000000773580000,0x0000000774000000)
 ParOldGen       total 175104K, used 80K [0x00000006c0000000, 0x00000006cab00000, 0x000000076ab00000)
  object space 175104K, 0% used [0x00000006c0000000,0x00000006c0014010,0x00000006cab00000)
 Metaspace       used 12853K, capacity 12974K, committed 13184K, reserved 1060864K
  class space    used 1557K, capacity 1591K, committed 1664K, reserved 1048576K
}
Event: 2.485 GC heap before
{Heap before GC invocations=2 (full 0):
 PSYoungGen      total 76288K, used 67198K [0x000000076ab00000, 0x0000000774000000, 0x00000007c0000000)
  eden space 65536K, 92% used [0x000000076ab00000,0x000000076e60d248,0x000000076eb00000)
  from space 10752K, 62% used [0x000000076eb00000,0x000000076f1928a0,0x000000076f580000)
  to   space 10752K, 0% used [0x0000000773580000,0x0000000773580000,0x0000000774000000)
 ParOldGen       total 175104K, used 80K [0x00000006c0000000, 0x00000006cab00000, 0x000000076ab00000)
  object space 175104K, 0% used [0x00000006c0000000,0x00000006c0014010,0x00000006cab00000)
 Metaspace       used 20124K, capacity 21126K, committed 21248K, reserved 1067008K
  class space    used 2778K, capacity 3209K, committed 3328K, reserved 1048576K
Event: 2.501 GC heap after
Heap after GC invocations=2 (full 0):
 PSYoungGen      total 141824K, used 9577K [0x000000076ab00000, 0x0000000774000000, 0x00000007c0000000)
  eden space 131072K, 0% used [0x000000076ab00000,0x000000076ab00000,0x0000000772b00000)
  from space 10752K, 89% used [0x0000000773580000,0x0000000773eda760,0x0000000774000000)
  to   space 10752K, 0% used [0x0000000772b00000,0x0000000772b00000,0x0000000773580000)
 ParOldGen       total 175104K, used 96K [0x00000006c0000000, 0x00000006cab00000, 0x000000076ab00000)
  object space 175104K, 0% used [0x00000006c0000000,0x00000006c0018010,0x00000006cab00000)
 Metaspace       used 20124K, capacity 21126K, committed 21248K, reserved 1067008K
  class space    used 2778K, capacity 3209K, committed 3328K, reserved 1048576K
}
Event: 2.501 GC heap before
{Heap before GC invocations=3 (full 1):
 PSYoungGen      total 141824K, used 9577K [0x000000076ab00000, 0x0000000774000000, 0x00000007c0000000)
  eden space 131072K, 0% used [0x000000076ab00000,0x000000076ab00000,0x0000000772b00000)
  from space 10752K, 89% used [0x0000000773580000,0x0000000773eda760,0x0000000774000000)
  to   space 10752K, 0% used [0x0000000772b00000,0x0000000772b00000,0x0000000773580000)
 ParOldGen       total 175104K, used 96K [0x00000006c0000000, 0x00000006cab00000, 0x000000076ab00000)
  object space 175104K, 0% used [0x00000006c0000000,0x00000006c0018010,0x00000006cab00000)
 Metaspace       used 20124K, capacity 21126K, committed 21248K, reserved 1067008K
  class space    used 2778K, capacity 3209K, committed 3328K, reserved 1048576K
Event: 2.546 GC heap after
Heap after GC invocations=3 (full 1):
 PSYoungGen      total 141824K, used 0K [0x000000076ab00000, 0x0000000774000000, 0x00000007c0000000)
  eden space 131072K, 0% used [0x000000076ab00000,0x000000076ab00000,0x0000000772b00000)
  from space 10752K, 0% used [0x0000000773580000,0x0000000773580000,0x0000000774000000)
  to   space 10752K, 0% used [0x0000000772b00000,0x0000000772b00000,0x0000000773580000)
 ParOldGen       total 113152K, used 9070K [0x00000006c0000000, 0x00000006c6e80000, 0x000000076ab00000)
  object space 113152K, 8% used [0x00000006c0000000,0x00000006c08db908,0x00000006c6e80000)
 Metaspace       used 19163K, capacity 19530K, committed 21248K, reserved 1067008K
  class space    used 2394K, capacity 2555K, committed 3328K, reserved 1048576K
}
Event: 75.990 GC heap before
{Heap before GC invocations=4 (full 1):
 PSYoungGen      total 141824K, used 131072K [0x000000076ab00000, 0x0000000774000000, 0x00000007c0000000)
  eden space 131072K, 100% used [0x000000076ab00000,0x0000000772b00000,0x0000000772b00000)
  from space 10752K, 0% used [0x0000000773580000,0x0000000773580000,0x0000000774000000)
  to   space 10752K, 0% used [0x0000000772b00000,0x0000000772b00000,0x0000000773580000)
 ParOldGen       total 113152K, used 9070K [0x00000006c0000000, 0x00000006c6e80000, 0x000000076ab00000)
  object space 113152K, 8% used [0x00000006c0000000,0x00000006c08db908,0x00000006c6e80000)
 Metaspace       used 21904K, capacity 22374K, committed 23936K, reserved 1069056K
  class space    used 2657K, capacity 2823K, committed 3456K, reserved 1048576K
Event: 75.995 GC heap after
Heap after GC invocations=4 (full 1):
 PSYoungGen      total 141824K, used 3427K [0x000000076ab00000, 0x0000000776a80000, 0x00000007c0000000)
  eden space 131072K, 0% used [0x000000076ab00000,0x000000076ab00000,0x0000000772b00000)
  from space 10752K, 31% used [0x0000000772b00000,0x0000000772e58dd0,0x0000000773580000)
  to   space 10752K, 0% used [0x0000000776000000,0x0000000776000000,0x0000000776a80000)
 ParOldGen       total 113152K, used 9078K [0x00000006c0000000, 0x00000006c6e80000, 0x000000076ab00000)
  object space 113152K, 8% used [0x00000006c0000000,0x00000006c08dd908,0x00000006c6e80000)
 Metaspace       used 21904K, capacity 22374K, committed 23936K, reserved 1069056K
  class space    used 2657K, capacity 2823K, committed 3456K, reserved 1048576K
}
Event: 135.503 GC heap before
{Heap before GC invocations=5 (full 1):
 PSYoungGen      total 141824K, used 134499K [0x000000076ab00000, 0x0000000776a80000, 0x00000007c0000000)
  eden space 131072K, 100% used [0x000000076ab00000,0x0000000772b00000,0x0000000772b00000)
  from space 10752K, 31% used [0x0000000772b00000,0x0000000772e58dd0,0x0000000773580000)
  to   space 10752K, 0% used [0x0000000776000000,0x0000000776000000,0x0000000776a80000)
 ParOldGen       total 113152K, used 9078K [0x00000006c0000000, 0x00000006c6e80000, 0x000000076ab00000)
  object space 113152K, 8% used [0x00000006c0000000,0x00000006c08dd908,0x00000006c6e80000)
 Metaspace       used 22203K, capacity 22662K, committed 24192K, reserved 1071104K
  class space    used 2660K, capacity 2825K, committed 3456K, reserved 1048576K
Event: 135.510 GC heap after
Heap after GC invocations=5 (full 1):
 PSYoungGen      total 136704K, used 5554K [0x000000076ab00000, 0x0000000776580000, 0x00000007c0000000)
  eden space 131072K, 0% used [0x000000076ab00000,0x000000076ab00000,0x0000000772b00000)
  from space 5632K, 98% used [0x0000000776000000,0x000000077656c8e8,0x0000000776580000)
  to   space 10752K, 0% used [0x0000000775080000,0x0000000775080000,0x0000000775b00000)
 ParOldGen       total 113152K, used 9105K [0x00000006c0000000, 0x00000006c6e80000, 0x000000076ab00000)
  object space 113152K, 8% used [0x00000006c0000000,0x00000006c08e4558,0x00000006c6e80000)
 Metaspace       used 22203K, capacity 22662K, committed 24192K, reserved 1071104K
  class space    used 2660K, capacity 2825K, committed 3456K, reserved 1048576K
}

