# JRE version: Java(TM) SE Runtime Environment (8.0_151-b12) (build 1.8.0_151-b12)
# Java VM: Java HotSpot(TM) 64-Bit Server VM (25.151-b12 mixed mode bsd-amd64 compressed oops)
Heap:
 PSYoungGen      total 676352K, used 120608K [0x000000076ab00000, 0x00000007b2080000, 0x00000007c0000000)
  eden space 210432K, 0% used [0x000000076ab00000,0x000000076ab00000,0x0000000777880000)
  from space 465920K, 25% used [0x0000000777880000,0x000000077ee48000,0x0000000793f80000)
  to   space 465920K, 0% used [0x0000000795980000,0x0000000795980000,0x00000007b2080000)
 ParOldGen       total 1630720K, used 1536033K [0x00000006c0000000, 0x0000000723880000, 0x000000076ab00000)
  object space 1630720K, 94% used [0x00000006c0000000,0x000000071dc08688,0x0000000723880000)
 Metaspace       used 23116K, capacity 23560K, committed 23856K, reserved 1071104K
  class space    used 2910K, capacity 3064K, committed 3120K, reserved 1048576K
GC Heap History (10 events):
Event: 116.364 GC heap after
Heap after GC invocations=24 (full 6):
 PSYoungGen      total 652800K, used 364736K [0x000000076ab00000, 0x00000007af300000, 0x00000007c0000000)
  eden space 186880K, 0% used [0x000000076ab00000,0x000000076ab00000,0x0000000776180000)
  from space 465920K, 78% used [0x0000000792880000,0x00000007a8cb0000,0x00000007aef80000)
  to   space 465920K, 0% used [0x0000000776180000,0x0000000776180000,0x0000000792880000)
 ParOldGen       total 1136128K, used 977170K [0x00000006c0000000, 0x0000000705580000, 0x000000076ab00000)
  object space 1136128K, 86% used [0x00000006c0000000,0x00000006fba44b98,0x0000000705580000)
 Metaspace       used 23109K, capacity 23560K, committed 23856K, reserved 1071104K
  class space    used 2910K, capacity 3064K, committed 3120K, reserved 1048576K
}
Event: 116.364 GC heap before
{Heap before GC invocations=25 (full 7):
 PSYoungGen      total 652800K, used 364736K [0x000000076ab00000, 0x00000007af300000, 0x00000007c0000000)
  eden space 186880K, 0% used [0x000000076ab00000,0x000000076ab00000,0x0000000776180000)
  from space 465920K, 78% used [0x0000000792880000,0x00000007a8cb0000,0x00000007aef80000)
  to   space 465920K, 0% used [0x0000000776180000,0x0000000776180000,0x0000000792880000)
 ParOldGen       total 1136128K, used 977170K [0x00000006c0000000, 0x0000000705580000, 0x000000076ab00000)
  object space 1136128K, 86% used [0x00000006c0000000,0x00000006fba44b98,0x0000000705580000)
 Metaspace       used 23109K, capacity 23560K, committed 23856K, reserved 1071104K
  class space    used 2910K, capacity 3064K, committed 3120K, reserved 1048576K
Event: 122.097 GC heap after
Heap after GC invocations=25 (full 7):
 PSYoungGen      total 652800K, used 138527K [0x000000076ab00000, 0x00000007af300000, 0x00000007c0000000)
  eden space 186880K, 0% used [0x000000076ab00000,0x000000076ab00000,0x0000000776180000)
  from space 465920K, 29% used [0x0000000792880000,0x000000079afc7fd0,0x00000007aef80000)
  to   space 465920K, 0% used [0x0000000776180000,0x0000000776180000,0x0000000792880000)
 ParOldGen       total 1630720K, used 1135953K [0x00000006c0000000, 0x0000000723880000, 0x000000076ab00000)
  object space 1630720K, 69% used [0x00000006c0000000,0x0000000705554688,0x0000000723880000)
 Metaspace       used 23109K, capacity 23560K, committed 23856K, reserved 1071104K
  class space    used 2910K, capacity 3064K, committed 3120K, reserved 1048576K
}
Event: 130.702 GC heap before
{Heap before GC invocations=26 (full 7):
 PSYoungGen      total 652800K, used 325407K [0x000000076ab00000, 0x00000007af300000, 0x00000007c0000000)
  eden space 186880K, 100% used [0x000000076ab00000,0x0000000776180000,0x0000000776180000)
  from space 465920K, 29% used [0x0000000792880000,0x000000079afc7fd0,0x00000007aef80000)
  to   space 465920K, 0% used [0x0000000776180000,0x0000000776180000,0x0000000792880000)
 ParOldGen       total 1630720K, used 1135953K [0x00000006c0000000, 0x0000000723880000, 0x000000076ab00000)
  object space 1630720K, 69% used [0x00000006c0000000,0x0000000705554688,0x0000000723880000)
 Metaspace       used 23109K, capacity 23560K, committed 23856K, reserved 1071104K
  class space    used 2910K, capacity 3064K, committed 3120K, reserved 1048576K
Event: 131.185 GC heap after
Heap after GC invocations=26 (full 7):
 PSYoungGen      total 652800K, used 177920K [0x000000076ab00000, 0x00000007b0780000, 0x00000007c0000000)
  eden space 186880K, 0% used [0x000000076ab00000,0x000000076ab00000,0x0000000776180000)
  from space 465920K, 38% used [0x0000000776180000,0x0000000780f40000,0x0000000792880000)
  to   space 465920K, 0% used [0x0000000794080000,0x0000000794080000,0x00000007b0780000)
 ParOldGen       total 1630720K, used 1227201K [0x00000006c0000000, 0x0000000723880000, 0x000000076ab00000)
  object space 1630720K, 75% used [0x00000006c0000000,0x000000070ae70688,0x0000000723880000)
 Metaspace       used 23109K, capacity 23560K, committed 23856K, reserved 1071104K
  class space    used 2910K, capacity 3064K, committed 3120K, reserved 1048576K
}
Event: 140.579 GC heap before
{Heap before GC invocations=27 (full 7):
 PSYoungGen      total 652800K, used 364800K [0x000000076ab00000, 0x00000007b0780000, 0x00000007c0000000)
  eden space 186880K, 100% used [0x000000076ab00000,0x0000000776180000,0x0000000776180000)
  from space 465920K, 38% used [0x0000000776180000,0x0000000780f40000,0x0000000792880000)
  to   space 465920K, 0% used [0x0000000794080000,0x0000000794080000,0x00000007b0780000)
 ParOldGen       total 1630720K, used 1227201K [0x00000006c0000000, 0x0000000723880000, 0x000000076ab00000)
  object space 1630720K, 75% used [0x00000006c0000000,0x000000070ae70688,0x0000000723880000)
 Metaspace       used 23109K, capacity 23560K, committed 23856K, reserved 1071104K
  class space    used 2910K, capacity 3064K, committed 3120K, reserved 1048576K
Event: 141.147 GC heap after
Heap after GC invocations=27 (full 7):
 PSYoungGen      total 675328K, used 260320K [0x000000076ab00000, 0x00000007b0680000, 0x00000007c0000000)
  eden space 210432K, 0% used [0x000000076ab00000,0x000000076ab00000,0x0000000777880000)
  from space 464896K, 55% used [0x0000000794080000,0x00000007a3eb8000,0x00000007b0680000)
  to   space 465920K, 0% used [0x0000000777880000,0x0000000777880000,0x0000000793f80000)
 ParOldGen       total 1630720K, used 1275105K [0x00000006c0000000, 0x0000000723880000, 0x000000076ab00000)
  object space 1630720K, 78% used [0x00000006c0000000,0x000000070dd38688,0x0000000723880000)
 Metaspace       used 23109K, capacity 23560K, committed 23856K, reserved 1071104K
  class space    used 2910K, capacity 3064K, committed 3120K, reserved 1048576K
}
Event: 150.869 GC heap before
{Heap before GC invocations=28 (full 7):
 PSYoungGen      total 675328K, used 470752K [0x000000076ab00000, 0x00000007b0680000, 0x00000007c0000000)
  eden space 210432K, 100% used [0x000000076ab00000,0x0000000777880000,0x0000000777880000)
  from space 464896K, 55% used [0x0000000794080000,0x00000007a3eb8000,0x00000007b0680000)
  to   space 465920K, 0% used [0x0000000777880000,0x0000000777880000,0x0000000793f80000)
 ParOldGen       total 1630720K, used 1275105K [0x00000006c0000000, 0x0000000723880000, 0x000000076ab00000)
  object space 1630720K, 78% used [0x00000006c0000000,0x000000070dd38688,0x0000000723880000)
 Metaspace       used 23116K, capacity 23560K, committed 23856K, reserved 1071104K
  class space    used 2910K, capacity 3064K, committed 3120K, reserved 1048576K
Event: 151.574 GC heap after
Heap after GC invocations=28 (full 7):
 PSYoungGen      total 676352K, used 120608K [0x000000076ab00000, 0x00000007b2080000, 0x00000007c0000000)
  eden space 210432K, 0% used [0x000000076ab00000,0x000000076ab00000,0x0000000777880000)
  from space 465920K, 25% used [0x0000000777880000,0x000000077ee48000,0x0000000793f80000)
  to   space 465920K, 0% used [0x0000000795980000,0x0000000795980000,0x00000007b2080000)
 ParOldGen       total 1630720K, used 1536033K [0x00000006c0000000, 0x0000000723880000, 0x000000076ab00000)
  object space 1630720K, 94% used [0x00000006c0000000,0x000000071dc08688,0x0000000723880000)
 Metaspace       used 23116K, capacity 23560K, committed 23856K, reserved 1071104K
  class space    used 2910K, capacity 3064K, committed 3120K, reserved 1048576K
}
Event: 151.574 GC heap before
{Heap before GC invocations=29 (full 8):
 PSYoungGen      total 676352K, used 120608K [0x000000076ab00000, 0x00000007b2080000, 0x00000007c0000000)
  eden space 210432K, 0% used [0x000000076ab00000,0x000000076ab00000,0x0000000777880000)
  from space 465920K, 25% used [0x0000000777880000,0x000000077ee48000,0x0000000793f80000)
  to   space 465920K, 0% used [0x0000000795980000,0x0000000795980000,0x00000007b2080000)
 ParOldGen       total 1630720K, used 1536033K [0x00000006c0000000, 0x0000000723880000, 0x000000076ab00000)
  object space 1630720K, 94% used [0x00000006c0000000,0x000000071dc08688,0x0000000723880000)
 Metaspace       used 23116K, capacity 23560K, committed 23856K, reserved 1071104K
  class space    used 2910K, capacity 3064K, committed 3120K, reserved 1048576K

